Build started 05/08/2017 16:03:23.
     1>Project "C:\Users\J FALQUEZ AROSEMENA\Documents\JUANITO\UNIVERSIDAD\LABORATORIO DE SIMULACIÓN DE YACIMIENTOS\Proyectos\SGAUpse\Tommy_Proyectos\Lab_Sim\Lab_Sim\Lab_Sim.vcxproj" on node 2 (Build target(s)).
     1>ClCompile:
         C:\Program Files (x86)\Microsoft Visual Studio 12.0\VC\bin\CL.exe /c /ZI /nologo /W3 /WX- /sdl /Od /Oy- /D WIN32 /D _DEBUG /D _CONSOLE /D _LIB /D _UNICODE /D UNICODE /Gm /EHsc /RTC1 /MDd /GS /fp:precise /Zc:wchar_t /Zc:forScope /Fo"Debug\\" /Fd"Debug\vc120.pdb" /Gd /TP /analyze- /errorReport:prompt Vector.cpp
         Vector.cpp
     1>c:\users\j falquez arosemena\documents\juanito\universidad\laboratorio de simulación de yacimientos\proyectos\sgaupse\tommy_proyectos\lab_sim\lab_sim\vectores.h(17): warning C4351: new behavior: elements of array 'Vectores::d' will be default initialized
     1>c:\users\j falquez arosemena\documents\juanito\universidad\laboratorio de simulación de yacimientos\proyectos\sgaupse\tommy_proyectos\lab_sim\lab_sim\vector.cpp(20): warning C4101: 'p' : unreferenced local variable
     1>c:\users\j falquez arosemena\documents\juanito\universidad\laboratorio de simulación de yacimientos\proyectos\sgaupse\tommy_proyectos\lab_sim\lab_sim\vector.cpp(21): warning C4101: 'norma' : unreferenced local variable
     1>c:\users\j falquez arosemena\documents\juanito\universidad\laboratorio de simulación de yacimientos\proyectos\sgaupse\tommy_proyectos\lab_sim\lab_sim\vector.cpp(18): warning C4101: 'n' : unreferenced local variable
     1>c:\users\j falquez arosemena\documents\juanito\universidad\laboratorio de simulación de yacimientos\proyectos\sgaupse\tommy_proyectos\lab_sim\lab_sim\vector.cpp(15): warning C4101: 'k' : unreferenced local variable
     1>c:\users\j falquez arosemena\documents\juanito\universidad\laboratorio de simulación de yacimientos\proyectos\sgaupse\tommy_proyectos\lab_sim\lab_sim\vector.cpp(16): warning C4101: 'l' : unreferenced local variable
     1>c:\users\j falquez arosemena\documents\juanito\universidad\laboratorio de simulación de yacimientos\proyectos\sgaupse\tommy_proyectos\lab_sim\lab_sim\vector.cpp(19): warning C4101: 'm' : unreferenced local variable
     1>c:\users\j falquez arosemena\documents\juanito\universidad\laboratorio de simulación de yacimientos\proyectos\sgaupse\tommy_proyectos\lab_sim\lab_sim\vector.cpp(17): warning C4101: 'o' : unreferenced local variable
       Link:
         C:\Program Files (x86)\Microsoft Visual Studio 12.0\VC\bin\link.exe /ERRORREPORT:PROMPT /OUT:"C:\Users\J FALQUEZ AROSEMENA\Documents\JUANITO\UNIVERSIDAD\LABORATORIO DE SIMULACIÓN DE YACIMIENTOS\Proyectos\SGAUpse\Tommy_Proyectos\Lab_Sim\Debug\Lab_Sim.exe" /INCREMENTAL /NOLOGO kernel32.lib user32.lib gdi32.lib winspool.lib comdlg32.lib advapi32.lib shell32.lib ole32.lib oleaut32.lib uuid.lib odbc32.lib odbccp32.lib /MANIFEST /MANIFESTUAC:"level='asInvoker' uiAccess='false'" /manifest:embed /DEBUG /PDB:"C:\Users\J FALQUEZ AROSEMENA\Documents\JUANITO\UNIVERSIDAD\LABORATORIO DE SIMULACIÓN DE YACIMIENTOS\Proyectos\SGAUpse\Tommy_Proyectos\Lab_Sim\Debug\Lab_Sim.pdb" /SUBSYSTEM:CONSOLE /TLBID:1 /DYNAMICBASE /NXCOMPAT /IMPLIB:"C:\Users\J FALQUEZ AROSEMENA\Documents\JUANITO\UNIVERSIDAD\LABORATORIO DE SIMULACIÓN DE YACIMIENTOS\Proyectos\SGAUpse\Tommy_Proyectos\Lab_Sim\Debug\Lab_Sim.lib" /MACHINE:X86 Debug\Vector.obj
         Debug\Vectores.obj
         Lab_Sim.vcxproj -> C:\Users\J FALQUEZ AROSEMENA\Documents\JUANITO\UNIVERSIDAD\LABORATORIO DE SIMULACIÓN DE YACIMIENTOS\Proyectos\SGAUpse\Tommy_Proyectos\Lab_Sim\Debug\Lab_Sim.exe
     1>Done Building Project "C:\Users\J FALQUEZ AROSEMENA\Documents\JUANITO\UNIVERSIDAD\LABORATORIO DE SIMULACIÓN DE YACIMIENTOS\Proyectos\SGAUpse\Tommy_Proyectos\Lab_Sim\Lab_Sim\Lab_Sim.vcxproj" (Build target(s)).

Build succeeded.

Time Elapsed 00:00:00.96
